Arguments: 
  C:\Program Files\nodejs\node.exe C:\Program Files (x86)\Yarn\bin\yarn.js add leaflet

PATH: 
  C:\Users\CHUTJANE\AppData\Roaming\npm;C:\Program Files\nodejs\;C:\Program Files (x86)\AMD APP\bin\x86_64;C:\Program Files (x86)\AMD APP\bin\x86;C:\Windows\system32;C:\Windows;C:\Windows\System32\Wbem;C:\Windows\System32\WindowsPowerShell\v1.0\;C:\Program Files (x86)\ATI Technologies\ATI.ACE\Core-Static;C:\Program Files (x86)\Microsoft SQL Server\90\Tools\binn\;C:\Program Files (x86)\QuickTime\QTSystem\;C:\Program Files\nodejs\;C:\Program Files\Git\cmd;C:\Program Files (x86)\Yarn\bin\;C:\ProgramData\chocolatey\bin;C:\Users\CHUTJANE\AppData\Roaming\npm;C:\Program Files\Microsoft VS Code\bin;C:\Users\CHUTJANE\AppData\Local\Yarn\bin;C:\Users\CHUTJANE\AppData\Local\.meteor

Yarn version: 
  1.6.0

Node version: 
  8.11.2

Platform: 
  win32 x64

Trace: 
  Error: EPERM: operation not permitted, lstat 'D:\React\jsiam-tms\node_modules\@types\node'

npm manifest: 
  {
    "name": "meteor-react-adminlte",
    "private": true,
    "version": "2.0.0",
    "scripts": {
      "start": "meteor run",
      "test": "TEST_BROWSER_DRIVER=phantomjs meteor test --once --driver-package meteortesting:mocha",
      "test:watch": "TEST_BROWSER_DRIVER=phantomjs TEST_WATCH=1 meteor test --driver-package meteortesting:mocha",
      "lint": "eslint --ignore-path .eslintignore ."
    },
    "dependencies": {
      "@babel/runtime": "^7.0.0-beta.40",
      "babel-runtime": "^6.23.0",
      "bcrypt": "^1.0.3",
      "classnames": "^2.2.5",
      "meteor-node-stubs": "~0.3.3",
      "prop-types": "^15.6.1",
      "react": "^16.2.0",
      "react-addons-pure-render-mixin": "^15.1.0",
      "react-dom": "^16.2.0",
      "react-router": "^4.2.0",
      "react-router-dom": "^4.2.2"
    },
    "devDependencies": {
      "chai": "^4.1.2",
      "enzyme": "^3.3.0",
      "enzyme-adapter-react-16": "^1.1.1",
      "eslint": "4.18.2",
      "eslint-config-airbnb": "16.1.0",
      "eslint-plugin-import": "2.9.0",
      "eslint-plugin-jsx-a11y": "6.0.3",
      "eslint-plugin-react": "7.7.0",
      "eslint-watch": "3.1.3",
      "phantomjs-prebuilt": "^2.1.16",
      "pre-commit": "^1.1.3",
      "react-addons-test-utils": "^15.4.2"
    },
    "pre-commit": [
      "lint"
    ]
  }

yarn manifest: 
  No manifest

Lockfile: 
  No lockfile
